0 info it worked if it ends with ok
1 verbose cli [
1 verbose cli   'C:\\Program Files\\nodejs\\node.exe',
1 verbose cli   'C:\\Program Files\\nodejs\\node_modules\\npm\\bin\\npm-cli.js',
1 verbose cli   'start'
1 verbose cli ]
2 info using npm@6.14.13
3 info using node@v14.17.3
4 verbose run-script [ 'prestart', 'start', 'poststart' ]
5 info lifecycle uber@~prestart: uber@
6 info lifecycle uber@~start: uber@
7 verbose lifecycle uber@~start: unsafe-perm in lifecycle true
8 verbose lifecycle uber@~start: PATH: C:\Program Files\nodejs\node_modules\npm\node_modules\npm-lifecycle\node-gyp-bin;C:\Users\shere\Documents\uber\node_modules\.bin;C:\Users\shere\bin;C:\Program Files\Git\mingw64\bin;C:\Program Files\Git\usr\local\bin;C:\Program Files\Git\usr\bin;C:\Program Files\Git\usr\bin;C:\Program Files\Git\mingw64\bin;C:\Program Files\Git\usr\bin;C:\Users\shere\bin;C:\Windows\system32;C:\Windows;C:\Windows\System32\Wbem;C:\Windows\System32\WindowsPowerShell\v1.0;C:\Windows\System32\OpenSSH;C:\Program Files (x86)\NVIDIA Corporation\PhysX\Common;C:\Program Files\NVIDIA Corporation\NVIDIA NvDLISR;C:\Program Files\nodejs;C:\Program Files\Git\cmd;C:\Users\shere\AppData\Local\Microsoft\WindowsApps;C:\Users\shere\AppData\Local\Programs\Microsoft VS Code\bin;C:\Users\shere\AppData\Roaming\npm;C:\Program Files\Git\usr\bin\vendor_perl;C:\Program Files\Git\usr\bin\core_perl
9 verbose lifecycle uber@~start: CWD: C:\Users\shere\Documents\uber
10 silly lifecycle uber@~start: Args: [ '/d /s /c', 'next start' ]
11 silly lifecycle uber@~start: Returned: code: 1  signal: null
12 info lifecycle uber@~start: Failed to exec start script
13 verbose stack Error: uber@ start: `next start`
13 verbose stack Exit status 1
13 verbose stack     at EventEmitter.<anonymous> (C:\Program Files\nodejs\node_modules\npm\node_modules\npm-lifecycle\index.js:332:16)
13 verbose stack     at EventEmitter.emit (events.js:375:28)
13 verbose stack     at ChildProcess.<anonymous> (C:\Program Files\nodejs\node_modules\npm\node_modules\npm-lifecycle\lib\spawn.js:55:14)
13 verbose stack     at ChildProcess.emit (events.js:375:28)
13 verbose stack     at maybeClose (internal/child_process.js:1055:16)
13 verbose stack     at Process.ChildProcess._handle.onexit (internal/child_process.js:288:5)
14 verbose pkgid uber@
15 verbose cwd C:\Users\shere\Documents\uber
16 verbose Windows_NT 10.0.19042
17 verbose argv "C:\\Program Files\\nodejs\\node.exe" "C:\\Program Files\\nodejs\\node_modules\\npm\\bin\\npm-cli.js" "start"
18 verbose node v14.17.3
19 verbose npm  v6.14.13
20 error code ELIFECYCLE
21 error errno 1
22 error uber@ start: `next start`
22 error Exit status 1
23 error Failed at the uber@ start script.
23 error This is probably not a problem with npm. There is likely additional logging output above.
24 verbose exit [ 1, true ]
